<?xml version="1.0" encoding="UTF-8"?>
<!-- Generated by org.testng.reporters.JUnitXMLReporter -->
<testsuite ignored="3" hostname="ESLLAP-4154" failures="1" tests="17" name="API Tests" time="4.422" errors="0" timestamp="2025-08-19T17:34:02 IST">
  <testcase classname="com.restapi.test.HealthTest" name="healthCheck" time="2.289"/>
  <testcase classname="com.restapi.test.AccountsTest" name="signUpUser" time="0.527"/>
  <testcase classname="com.restapi.test.AccountsTest" name="verifySignUpUserAndGenerateToken" time="0.489"/>
  <testcase classname="com.restapi.test.NegativeBookTest" name="addBookWithInvalidTokenTest" time="0.03"/>
  <testcase classname="com.restapi.test.NegativeBookTest" name="deleteBookWithInvalidTokenTest" time="0.029"/>
  <testcase classname="com.restapi.test.NegativeBookTest" name="updateBookWithInvalidTokenTest" time="0.038"/>
  <testcase classname="com.restapi.test.BookTest" name="addBooksTest" time="0.045"/>
  <testcase classname="com.restapi.test.NegativeBookTest" name="getAllBookWithInvalidTokenTest" time="0.031"/>
  <testcase classname="com.restapi.test.NegativeBookTest" name="getBookWithNonExistantIdTest" time="0.035"/>
  <testcase classname="com.restapi.test.BookTest" name="getBookByIdTest" time="0.034"/>
  <testcase classname="com.restapi.test.NegativeBookTest" name="getBookWithInvalidIdTest" time="0.086"/>
  <testcase classname="com.restapi.test.AccountsTest" name="signUpwithExistingEmail" time="0.027"/>
  <testcase classname="com.restapi.test.BookTest" name="updateBookByIdTest" time="0.052">
    <failure type="java.lang.AssertionError" message="Book name should match after update expected [Harry Potter and the Sorcerer&amp;apos;s Stone chapter -1 Updated] but found [Harry Potter and the Sorcerer&amp;apos;s Stone]">
      <![CDATA[java.lang.AssertionError: Book name should match after update expected [Harry Potter and the Sorcerer's Stone chapter -1 Updated] but found [Harry Potter and the Sorcerer's Stone]
at com.restapi.test.BookTest.updateBookByIdTest(BookTest.java:67)
at java.base/java.util.ArrayList.forEach(ArrayList.java:1596)
... Removed 34 stack frames]]>
    </failure>
  </testcase> <!-- updateBookByIdTest -->
  <testcase classname="com.restapi.test.BookTest" name="getAllBooks" time="0.037"/>
  <testcase classname="com.restapi.test.AccountsTest" name="loginWithIncorrectPassword" time="0.451"/>
  <testcase classname="com.restapi.test.BookTest" name="deleteBookByIdTest" time="0.048"/>
  <testcase classname="com.restapi.test.AccountsTest" name="loginWithIncorrectEmail" time="0.05"/>
  <testcase classname="com.restapi.base.Base" name="@BeforeSuite setUp" time="0.0">
    <ignored/>
  </testcase> <!-- @BeforeSuite setUp -->
  <testcase classname="com.restapi.base.Base" name="@BeforeSuite setUp" time="0.0">
    <ignored/>
  </testcase> <!-- @BeforeSuite setUp -->
  <testcase classname="com.restapi.base.Base" name="@BeforeSuite setUp" time="0.0">
    <ignored/>
  </testcase> <!-- @BeforeSuite setUp -->
</testsuite> <!-- API Tests -->
