<?xml version="1.0" encoding="UTF-8"?>
<testsuite xmlns:xsi="http://www.w3.org/2001/XMLSchema-instance" xsi:noNamespaceSchemaLocation="https://maven.apache.org/surefire/maven-surefire-plugin/xsd/surefire-test-report-3.0.xsd" version="3.0" name="TestSuite" time="7.481" tests="17" errors="0" skipped="0" failures="1">
  <properties>
[...]
</properties>
  <testcase name="healthCheck" classname="com.restapi.test.HealthTest" time="2.298">
    <system-out><![CDATA[C:\Users\7119\ETLWorkspace\RESTAPIPOC
Reporting Started
Request method:	GET
Request URI:	http://127.0.0.1:8000/health
Proxy:			<none>
Request params:	<none>
Query params:	<none>
Form params:	<none>
Path params:	<none>
Headers:		Accept=*/*
				Content-Type=application/json
Cookies:		<none>
Multiparts:		<none>
Body:			<none>
HTTP/1.1 200 OK
date: Tue, 19 Aug 2025 12:03:58 GMT
server: uvicorn
content-length: 15
content-type: application/json

{
    "status": "up"
}
]]></system-out>
    <system-err><![CDATA[SLF4J: Failed to load class "org.slf4j.impl.StaticLoggerBinder".
SLF4J: Defaulting to no-operation (NOP) logger implementation
SLF4J: See http://www.slf4j.org/codes.html#StaticLoggerBinder for further details.
]]></system-err>
  </testcase>
  <testcase name="signUpUser" classname="com.restapi.test.AccountsTest" time="0.527">
    <system-out><![CDATA[Reporting Started
Request method:	POST
Request URI:	http://127.0.0.1:8000/signup
Proxy:			<none>
Request params:	<none>
Query params:	<none>
Form params:	<none>
Path params:	<none>
Headers:		Accept=*/*
				Content-Type=application/json
Cookies:		<none>
Multiparts:		<none>
Body:
{
    "email": "0.9661824553449443ansarmohamed94@gmail.com",
    "password": "ansar@123"
}
HTTP/1.1 200 OK
date: Tue, 19 Aug 2025 12:04:00 GMT
server: uvicorn
content-length: 39
content-type: application/json

{
    "message": "User created successfully"
}
]]></system-out>
  </testcase>
  <testcase name="verifySignUpUserAndGenerateToken" classname="com.restapi.test.AccountsTest" time="0.489">
    <system-out><![CDATA[Reporting Started
Request method:	POST
Request URI:	http://127.0.0.1:8000/login
Proxy:			<none>
Request params:	<none>
Query params:	<none>
Form params:	<none>
Path params:	<none>
Headers:		Accept=*/*
				Content-Type=application/json
Cookies:		<none>
Multiparts:		<none>
Body:
{
    "email": "0.9661824553449443ansarmohamed94@gmail.com",
    "password": "ansar@123"
}
HTTP/1.1 200 OK
date: Tue, 19 Aug 2025 12:04:00 GMT
server: uvicorn
content-length: 214
content-type: application/json

{
    "access_token": "eyJ0eXAiOiJKV1QiLCJhbGciOiJIUzI1NiJ9.eyJzdWIiOiIwLjk2NjE4MjQ1NTM0NDk0NDNhbnNhcm1vaGFtZWQ5NEBnbWFpbC5jb20iLCJleHAiOjE3NTU2MDY4NDF9.a_Gopt3VKgWhtuZy8zfk_CVPpKKYZPY_-MIcD7iHN_I",
    "token_type": "bearer"
}
]]></system-out>
  </testcase>
  <testcase name="signUpwithExistingEmail" classname="com.restapi.test.AccountsTest" time="0.029">
    <system-out><![CDATA[Reporting Started
Request method:	POST
Request URI:	http://127.0.0.1:8000/signup
Proxy:			<none>
Request params:	<none>
Query params:	<none>
Form params:	<none>
Path params:	<none>
Headers:		Accept=*/*
				Content-Type=application/json
Cookies:		<none>
Multiparts:		<none>
Body:
{
    "email": "0.9661824553449443ansarmohamed94@gmail.com",
    "password": "ansar@123"
}
HTTP/1.1 400 Bad Request
date: Tue, 19 Aug 2025 12:04:00 GMT
server: uvicorn
content-length: 37
content-type: application/json

{
    "detail": "Email already registered"
}
]]></system-out>
  </testcase>
  <testcase name="loginWithIncorrectPassword" classname="com.restapi.test.AccountsTest" time="0.451">
    <system-out><![CDATA[Reporting Started
Request method:	POST
Request URI:	http://127.0.0.1:8000/login
Proxy:			<none>
Request params:	<none>
Query params:	<none>
Form params:	<none>
Path params:	<none>
Headers:		Accept=*/*
				Content-Type=application/json
Cookies:		<none>
Multiparts:		<none>
Body:
{
    "email": "0.9661824553449443ansarmohamed94@gmail.com",
    "password": "wrongPassword"
}
HTTP/1.1 400 Bad Request
date: Tue, 19 Aug 2025 12:04:00 GMT
server: uvicorn
content-length: 40
content-type: application/json

{
    "detail": "Incorrect email or password"
}
]]></system-out>
  </testcase>
  <testcase name="loginWithIncorrectEmail" classname="com.restapi.test.AccountsTest" time="0.048">
    <system-out><![CDATA[Reporting Started
Request method:	POST
Request URI:	http://127.0.0.1:8000/login
Proxy:			<none>
Request params:	<none>
Query params:	<none>
Form params:	<none>
Path params:	<none>
Headers:		Accept=*/*
				Content-Type=application/json
Cookies:		<none>
Multiparts:		<none>
Body:
{
    "email": "email",
    "password": "0.9661824553449443ansarmohamed94@gmail.com"
}
HTTP/1.1 400 Bad Request
date: Tue, 19 Aug 2025 12:04:00 GMT
server: uvicorn
content-length: 40
content-type: application/json

{
    "detail": "Incorrect email or password"
}
]]></system-out>
  </testcase>
  <testcase name="addBookWithInvalidTokenTest" classname="com.restapi.test.NegativeBookTest" time="0.032">
    <system-out><![CDATA[Reporting Started
Request method:	POST
Request URI:	http://127.0.0.1:8000/books/
Proxy:			<none>
Request params:	<none>
Query params:	<none>
Form params:	<none>
Path params:	<none>
Headers:		Authorization=Bearer invalid_token
				Accept=*/*
				Content-Type=application/json
Cookies:		<none>
Multiparts:		<none>
Body:
{
    "name": "Harry Potter and the Sorcerer's Stone",
    "author": ".K.Rowling",
    "published_year": 1997,
    "book_summary": "It introduces Harry Potter, an orphaned boy who discovers he's a wizard and is invited to attend Hogwarts School of Witchcraft and Wizardry."
}
HTTP/1.1 403 Forbidden
date: Tue, 19 Aug 2025 12:04:00 GMT
server: uvicorn
content-length: 43
content-type: application/json

{
    "detail": "Invalid token or expired token"
}
]]></system-out>
  </testcase>
  <testcase name="deleteBookWithInvalidTokenTest" classname="com.restapi.test.NegativeBookTest" time="0.034">
    <system-out><![CDATA[Reporting Started
Request method:	DELETE
Request URI:	http://127.0.0.1:8000/books/0
Proxy:			<none>
Request params:	<none>
Query params:	<none>
Form params:	<none>
Path params:	<none>
Headers:		Authorization=Bearer invalid_token
				Accept=*/*
				Content-Type=application/json
Cookies:		<none>
Multiparts:		<none>
Body:			<none>
HTTP/1.1 403 Forbidden
date: Tue, 19 Aug 2025 12:04:00 GMT
server: uvicorn
content-length: 43
content-type: application/json

{
    "detail": "Invalid token or expired token"
}
]]></system-out>
  </testcase>
  <testcase name="updateBookWithInvalidTokenTest" classname="com.restapi.test.NegativeBookTest" time="0.035">
    <system-out><![CDATA[Reporting Started
Request method:	PUT
Request URI:	http://127.0.0.1:8000/books/0
Proxy:			<none>
Request params:	<none>
Query params:	<none>
Form params:	<none>
Path params:	<none>
Headers:		Authorization=Bearer invalid_token
				Accept=*/*
				Content-Type=application/json
Cookies:		<none>
Multiparts:		<none>
Body:
{
    "name": "The Silent Patient Updated",
    "author": "Alex Michaelides",
    "published_year": 2019,
    "book_summary": "A psychological thriller about a woman who stops speaking after committing a violent crime."
}
HTTP/1.1 403 Forbidden
date: Tue, 19 Aug 2025 12:04:00 GMT
server: uvicorn
content-length: 43
content-type: application/json

{
    "detail": "Invalid token or expired token"
}
]]></system-out>
  </testcase>
  <testcase name="getAllBookWithInvalidTokenTest" classname="com.restapi.test.NegativeBookTest" time="0.035">
    <system-out><![CDATA[Reporting Started
Request method:	GET
Request URI:	http://127.0.0.1:8000/books/
Proxy:			<none>
Request params:	<none>
Query params:	<none>
Form params:	<none>
Path params:	<none>
Headers:		Authorization=Bearer invalid_token
				Accept=*/*
				Content-Type=application/json
Cookies:		<none>
Multiparts:		<none>
Body:			<none>
HTTP/1.1 403 Forbidden
date: Tue, 19 Aug 2025 12:04:00 GMT
server: uvicorn
content-length: 43
content-type: application/json

{
    "detail": "Invalid token or expired token"
}
]]></system-out>
  </testcase>
  <testcase name="getBookWithNonExistantIdTest" classname="com.restapi.test.NegativeBookTest" time="0.034">
    <system-out><![CDATA[Reporting Started
Request method:	GET
Request URI:	http://127.0.0.1:8000/books/89999
Proxy:			<none>
Request params:	<none>
Query params:	<none>
Form params:	<none>
Path params:	<none>
Headers:		Authorization=Bearer eyJ0eXAiOiJKV1QiLCJhbGciOiJIUzI1NiJ9.eyJzdWIiOiIwLjk2NjE4MjQ1NTM0NDk0NDNhbnNhcm1vaGFtZWQ5NEBnbWFpbC5jb20iLCJleHAiOjE3NTU2MDY4NDF9.a_Gopt3VKgWhtuZy8zfk_CVPpKKYZPY_-MIcD7iHN_I
				Accept=*/*
				Content-Type=application/json
Cookies:		<none>
Multiparts:		<none>
Body:			<none>
HTTP/1.1 404 Not Found
date: Tue, 19 Aug 2025 12:04:00 GMT
server: uvicorn
content-length: 27
content-type: application/json

{
    "detail": "Book not found"
}
]]></system-out>
  </testcase>
  <testcase name="getBookWithInvalidIdTest" classname="com.restapi.test.NegativeBookTest" time="0.087">
    <system-out><![CDATA[Reporting Started
Request method:	GET
Request URI:	http://127.0.0.1:8000/books/inalid_id
Proxy:			<none>
Request params:	<none>
Query params:	<none>
Form params:	<none>
Path params:	<none>
Headers:		Authorization=Bearer eyJ0eXAiOiJKV1QiLCJhbGciOiJIUzI1NiJ9.eyJzdWIiOiIwLjk2NjE4MjQ1NTM0NDk0NDNhbnNhcm1vaGFtZWQ5NEBnbWFpbC5jb20iLCJleHAiOjE3NTU2MDY4NDF9.a_Gopt3VKgWhtuZy8zfk_CVPpKKYZPY_-MIcD7iHN_I
				Accept=*/*
				Content-Type=application/json
Cookies:		<none>
Multiparts:		<none>
Body:			<none>
HTTP/1.1 422 Unprocessable Entity
date: Tue, 19 Aug 2025 12:04:00 GMT
server: uvicorn
content-length: 158
content-type: application/json

{
    "detail": [
        {
            "type": "int_parsing",
            "loc": [
                "path",
                "book_id"
            ],
            "msg": "Input should be a valid integer, unable to parse string as an integer",
            "input": "inalid_id"
        }
    ]
}
]]></system-out>
  </testcase>
  <testcase name="addBooksTest" classname="com.restapi.test.BookTest" time="0.044">
    <system-out><![CDATA[Reporting Started
Request method:	POST
Request URI:	http://127.0.0.1:8000/books/
Proxy:			<none>
Request params:	<none>
Query params:	<none>
Form params:	<none>
Path params:	<none>
Headers:		Authorization=Bearer eyJ0eXAiOiJKV1QiLCJhbGciOiJIUzI1NiJ9.eyJzdWIiOiIwLjk2NjE4MjQ1NTM0NDk0NDNhbnNhcm1vaGFtZWQ5NEBnbWFpbC5jb20iLCJleHAiOjE3NTU2MDY4NDF9.a_Gopt3VKgWhtuZy8zfk_CVPpKKYZPY_-MIcD7iHN_I
				Accept=*/*
				Content-Type=application/json
Cookies:		<none>
Multiparts:		<none>
Body:
{
    "name": "Harry Potter and the Sorcerer's Stone",
    "author": ".K.Rowling",
    "published_year": 1997,
    "book_summary": "It introduces Harry Potter, an orphaned boy who discovers he's a wizard and is invited to attend Hogwarts School of Witchcraft and Wizardry."
}
HTTP/1.1 200 OK
date: Tue, 19 Aug 2025 12:04:00 GMT
server: uvicorn
content-length: 257
content-type: application/json

{
    "book_summary": "It introduces Harry Potter, an orphaned boy who discovers he's a wizard and is invited to attend Hogwarts School of Witchcraft and Wizardry.",
    "id": 1,
    "name": "Harry Potter and the Sorcerer's Stone",
    "published_year": 1997,
    "author": ".K.Rowling"
}
]]></system-out>
  </testcase>
  <testcase name="getBookByIdTest" classname="com.restapi.test.BookTest" time="0.03">
    <system-out><![CDATA[Reporting Started
Request method:	GET
Request URI:	http://127.0.0.1:8000/books/1
Proxy:			<none>
Request params:	<none>
Query params:	<none>
Form params:	<none>
Path params:	<none>
Headers:		Authorization=Bearer eyJ0eXAiOiJKV1QiLCJhbGciOiJIUzI1NiJ9.eyJzdWIiOiIwLjk2NjE4MjQ1NTM0NDk0NDNhbnNhcm1vaGFtZWQ5NEBnbWFpbC5jb20iLCJleHAiOjE3NTU2MDY4NDF9.a_Gopt3VKgWhtuZy8zfk_CVPpKKYZPY_-MIcD7iHN_I
				Accept=*/*
				Content-Type=application/json
Cookies:		<none>
Multiparts:		<none>
Body:			<none>
HTTP/1.1 200 OK
date: Tue, 19 Aug 2025 12:04:00 GMT
server: uvicorn
content-length: 257
content-type: application/json

{
    "book_summary": "It introduces Harry Potter, an orphaned boy who discovers he's a wizard and is invited to attend Hogwarts School of Witchcraft and Wizardry.",
    "id": 1,
    "name": "Harry Potter and the Sorcerer's Stone",
    "published_year": 1997,
    "author": ".K.Rowling"
}
]]></system-out>
  </testcase>
  <testcase name="updateBookByIdTest" classname="com.restapi.test.BookTest" time="0.056">
    <failure message="Book name should match after update expected [Harry Potter and the Sorcerer&apos;s Stone chapter -1 Updated] but found [Harry Potter and the Sorcerer&apos;s Stone]" type="java.lang.AssertionError"><![CDATA[java.lang.AssertionError: Book name should match after update expected [Harry Potter and the Sorcerer's Stone chapter -1 Updated] but found [Harry Potter and the Sorcerer's Stone]
	at org.testng.Assert.fail(Assert.java:111)
	at org.testng.Assert.failNotEquals(Assert.java:1578)
	at org.testng.Assert.assertEqualsImpl(Assert.java:150)
	at org.testng.Assert.assertEquals(Assert.java:132)
	at org.testng.Assert.assertEquals(Assert.java:656)
	at com.restapi.test.BookTest.updateBookByIdTest(BookTest.java:67)
	at java.base/jdk.internal.reflect.DirectMethodHandleAccessor.invoke(DirectMethodHandleAccessor.java:103)
	at java.base/java.lang.reflect.Method.invoke(Method.java:580)
	at org.testng.internal.invokers.MethodInvocationHelper.invokeMethod(MethodInvocationHelper.java:139)
	at org.testng.internal.invokers.TestInvoker.invokeMethod(TestInvoker.java:664)
	at org.testng.internal.invokers.TestInvoker.invokeTestMethod(TestInvoker.java:228)
	at org.testng.internal.invokers.MethodRunner.runInSequence(MethodRunner.java:63)
	at org.testng.internal.invokers.TestInvoker$MethodInvocationAgent.invoke(TestInvoker.java:961)
	at org.testng.internal.invokers.TestInvoker.invokeTestMethods(TestInvoker.java:201)
	at org.testng.internal.invokers.TestMethodWorker.invokeTestMethods(TestMethodWorker.java:148)
	at org.testng.internal.invokers.TestMethodWorker.run(TestMethodWorker.java:128)
	at java.base/java.util.ArrayList.forEach(ArrayList.java:1596)
	at org.testng.TestRunner.privateRun(TestRunner.java:819)
	at org.testng.TestRunner.run(TestRunner.java:619)
	at org.testng.SuiteRunner.runTest(SuiteRunner.java:443)
	at org.testng.SuiteRunner.runSequentially(SuiteRunner.java:437)
	at org.testng.SuiteRunner.privateRun(SuiteRunner.java:397)
	at org.testng.SuiteRunner.run(SuiteRunner.java:336)
	at org.testng.SuiteRunnerWorker.runSuite(SuiteRunnerWorker.java:52)
	at org.testng.SuiteRunnerWorker.run(SuiteRunnerWorker.java:95)
	at org.testng.TestNG.runSuitesSequentially(TestNG.java:1301)
	at org.testng.TestNG.runSuitesLocally(TestNG.java:1228)
	at org.testng.TestNG.runSuites(TestNG.java:1134)
	at org.testng.TestNG.run(TestNG.java:1101)
	at org.apache.maven.surefire.testng.TestNGExecutor.run(TestNGExecutor.java:308)
	at org.apache.maven.surefire.testng.TestNGXmlTestSuite.execute(TestNGXmlTestSuite.java:71)
	at org.apache.maven.surefire.testng.TestNGProvider.invoke(TestNGProvider.java:113)
	at org.apache.maven.surefire.booter.ForkedBooter.runSuitesInProcess(ForkedBooter.java:385)
	at org.apache.maven.surefire.booter.ForkedBooter.execute(ForkedBooter.java:162)
	at org.apache.maven.surefire.booter.ForkedBooter.run(ForkedBooter.java:507)
	at org.apache.maven.surefire.booter.ForkedBooter.main(ForkedBooter.java:495)
]]></failure>
    <system-out><![CDATA[Reporting Started
Request method:	PUT
Request URI:	http://127.0.0.1:8000/books/1
Proxy:			<none>
Request params:	<none>
Query params:	<none>
Form params:	<none>
Path params:	<none>
Headers:		Authorization=Bearer eyJ0eXAiOiJKV1QiLCJhbGciOiJIUzI1NiJ9.eyJzdWIiOiIwLjk2NjE4MjQ1NTM0NDk0NDNhbnNhcm1vaGFtZWQ5NEBnbWFpbC5jb20iLCJleHAiOjE3NTU2MDY4NDF9.a_Gopt3VKgWhtuZy8zfk_CVPpKKYZPY_-MIcD7iHN_I
				Accept=*/*
				Content-Type=application/json
Cookies:		<none>
Multiparts:		<none>
Body:
{
    "name": "Harry Potter and the Sorcerer's Stone",
    "author": ".K.Rowling",
    "published_year": 1997,
    "book_summary": "It introduces Harry Potter, an orphaned boy who discovers he's a wizard and is invited to attend Hogwarts School of Witchcraft and Wizardry."
}
HTTP/1.1 200 OK
date: Tue, 19 Aug 2025 12:04:00 GMT
server: uvicorn
content-length: 257
content-type: application/json

{
    "book_summary": "It introduces Harry Potter, an orphaned boy who discovers he's a wizard and is invited to attend Hogwarts School of Witchcraft and Wizardry.",
    "id": 1,
    "name": "Harry Potter and the Sorcerer's Stone",
    "published_year": 1997,
    "author": ".K.Rowling"
}
]]></system-out>
  </testcase>
  <testcase name="getAllBooks" classname="com.restapi.test.BookTest" time="0.037">
    <system-out><![CDATA[Reporting Started
Request method:	GET
Request URI:	http://127.0.0.1:8000/books/
Proxy:			<none>
Request params:	<none>
Query params:	<none>
Form params:	<none>
Path params:	<none>
Headers:		Authorization=Bearer eyJ0eXAiOiJKV1QiLCJhbGciOiJIUzI1NiJ9.eyJzdWIiOiIwLjk2NjE4MjQ1NTM0NDk0NDNhbnNhcm1vaGFtZWQ5NEBnbWFpbC5jb20iLCJleHAiOjE3NTU2MDY4NDF9.a_Gopt3VKgWhtuZy8zfk_CVPpKKYZPY_-MIcD7iHN_I
				Accept=*/*
				Content-Type=application/json
Cookies:		<none>
Multiparts:		<none>
Body:			<none>
HTTP/1.1 200 OK
date: Tue, 19 Aug 2025 12:04:00 GMT
server: uvicorn
content-length: 259
content-type: application/json

[
    {
        "book_summary": "It introduces Harry Potter, an orphaned boy who discovers he's a wizard and is invited to attend Hogwarts School of Witchcraft and Wizardry.",
        "id": 1,
        "name": "Harry Potter and the Sorcerer's Stone",
        "published_year": 1997,
        "author": ".K.Rowling"
    }
]
]]></system-out>
  </testcase>
  <testcase name="deleteBookByIdTest" classname="com.restapi.test.BookTest" time="0.05">
    <system-out><![CDATA[Reporting Started
Request method:	DELETE
Request URI:	http://127.0.0.1:8000/books/1
Proxy:			<none>
Request params:	<none>
Query params:	<none>
Form params:	<none>
Path params:	<none>
Headers:		Authorization=Bearer eyJ0eXAiOiJKV1QiLCJhbGciOiJIUzI1NiJ9.eyJzdWIiOiIwLjk2NjE4MjQ1NTM0NDk0NDNhbnNhcm1vaGFtZWQ5NEBnbWFpbC5jb20iLCJleHAiOjE3NTU2MDY4NDF9.a_Gopt3VKgWhtuZy8zfk_CVPpKKYZPY_-MIcD7iHN_I
				Accept=*/*
				Content-Type=application/json
Cookies:		<none>
Multiparts:		<none>
Body:			<none>
HTTP/1.1 200 OK
date: Tue, 19 Aug 2025 12:04:00 GMT
server: uvicorn
content-length: 39
content-type: application/json

{
    "message": "Book deleted successfully"
}
]]></system-out>
  </testcase>
</testsuite>