<?xml version="1.0" encoding="UTF-8"?>
<!-- Generated by org.testng.reporters.JUnitXMLReporter -->
<testsuite ignored="3" hostname="ESLLAP-4154" failures="0" tests="17" name="API Tests" time="3.67" errors="0" timestamp="2025-08-24T17:17:49 IST">
  <testcase classname="com.restapi.test.HealthTest" name="healthCheck" time="1.714"/>
  <testcase classname="com.restapi.test.AccountsTest" name="signUpUser" time="0.489"/>
  <testcase classname="com.restapi.test.AccountsTest" name="verifySignUpUserAndGenerateToken" time="0.325"/>
  <testcase classname="com.restapi.test.NegativeBookTest" name="addBookWithInvalidTokenTest" time="0.031"/>
  <testcase classname="com.restapi.test.NegativeBookTest" name="deleteBookWithInvalidTokenTest" time="0.034"/>
  <testcase classname="com.restapi.test.NegativeBookTest" name="updateBookWithInvalidTokenTest" time="0.041"/>
  <testcase classname="com.restapi.test.BookTest" name="addBooksTest" time="0.05"/>
  <testcase classname="com.restapi.test.NegativeBookTest" name="getAllBookWithInvalidTokenTest" time="0.04"/>
  <testcase classname="com.restapi.test.NegativeBookTest" name="getBookWithNonExistantIdTest" time="0.05"/>
  <testcase classname="com.restapi.test.BookTest" name="getBookByIdTest" time="0.045"/>
  <testcase classname="com.restapi.test.NegativeBookTest" name="getBookWithInvalidIdTest" time="0.094"/>
  <testcase classname="com.restapi.test.AccountsTest" name="signUpwithExistingEmail" time="0.038"/>
  <testcase classname="com.restapi.test.BookTest" name="updateBookByIdTest" time="0.075"/>
  <testcase classname="com.restapi.test.BookTest" name="getAllBooks" time="0.038"/>
  <testcase classname="com.restapi.test.AccountsTest" name="loginWithIncorrectPassword" time="0.413"/>
  <testcase classname="com.restapi.test.BookTest" name="deleteBookByIdTest" time="0.049"/>
  <testcase classname="com.restapi.test.AccountsTest" name="loginWithIncorrectEmail" time="0.049"/>
  <testcase classname="com.restapi.base.Base" name="@BeforeSuite setUp" time="0.0">
    <ignored/>
  </testcase> <!-- @BeforeSuite setUp -->
  <testcase classname="com.restapi.base.Base" name="@BeforeSuite setUp" time="0.0">
    <ignored/>
  </testcase> <!-- @BeforeSuite setUp -->
  <testcase classname="com.restapi.base.Base" name="@BeforeSuite setUp" time="0.0">
    <ignored/>
  </testcase> <!-- @BeforeSuite setUp -->
</testsuite> <!-- API Tests -->
